TN:
SF:core\AnyWP.ts
FN:30,(anonymous_0)
FN:35,(anonymous_1)
FN:39,(anonymous_2)
FN:44,(anonymous_3)
FN:48,(anonymous_4)
FN:52,(anonymous_5)
FN:56,(anonymous_6)
FN:60,(anonymous_7)
FN:64,(anonymous_8)
FN:68,(anonymous_9)
FN:72,(anonymous_10)
FN:76,(anonymous_11)
FN:80,(anonymous_12)
FN:84,(anonymous_13)
FN:88,(anonymous_14)
FN:92,(anonymous_15)
FN:106,(anonymous_16)
FNF:17
FNH:12
FNDA:1,(anonymous_0)
FNDA:1,(anonymous_1)
FNDA:1,(anonymous_2)
FNDA:1,(anonymous_3)
FNDA:1,(anonymous_4)
FNDA:1,(anonymous_5)
FNDA:1,(anonymous_6)
FNDA:1,(anonymous_7)
FNDA:1,(anonymous_8)
FNDA:1,(anonymous_9)
FNDA:0,(anonymous_10)
FNDA:0,(anonymous_11)
FNDA:0,(anonymous_12)
FNDA:0,(anonymous_13)
FNDA:0,(anonymous_14)
FNDA:3,(anonymous_15)
FNDA:2,(anonymous_16)
DA:10,1
DA:31,1
DA:36,1
DA:40,1
DA:45,1
DA:49,1
DA:53,1
DA:57,1
DA:61,1
DA:65,1
DA:69,1
DA:73,0
DA:77,0
DA:81,0
DA:85,0
DA:89,0
DA:93,3
DA:95,3
DA:96,2
DA:101,1
DA:102,1
DA:107,2
DA:109,2
DA:110,2
LF:24
LH:19
BRDA:13,0,0,1
BRDA:13,0,1,0
BRDA:14,1,0,1
BRDA:14,1,1,0
BRDA:15,2,0,1
BRDA:15,2,1,0
BRDA:95,3,0,2
BRDA:95,3,1,1
BRDA:109,4,0,2
BRDA:109,4,1,0
BRF:10
BRH:6
end_of_record
TN:
SF:core\init.ts
FN:10,initializeAnyWP
FNF:1
FNH:1
FNDA:5,initializeAnyWP
DA:2,1
DA:3,1
DA:4,1
DA:5,1
DA:6,1
DA:7,1
DA:10,1
DA:11,5
DA:12,5
DA:13,5
DA:14,5
DA:15,5
DA:16,5
DA:18,5
DA:19,5
DA:20,5
DA:23,5
DA:29,5
DA:30,5
LF:19
LH:19
BRF:0
BRH:0
end_of_record
TN:
SF:modules\animations.ts
FN:7,(anonymous_0)
FN:19,(anonymous_1)
FN:33,(anonymous_2)
FN:61,(anonymous_3)
FN:62,(anonymous_4)
FN:76,(anonymous_5)
FN:103,(anonymous_6)
FN:106,(anonymous_7)
FN:118,(anonymous_8)
FN:121,(anonymous_9)
FNF:10
FNH:8
FNDA:16,(anonymous_0)
FNDA:15,(anonymous_1)
FNDA:15,(anonymous_2)
FNDA:1,(anonymous_3)
FNDA:0,(anonymous_4)
FNDA:9,(anonymous_5)
FNDA:8,(anonymous_6)
FNDA:1,(anonymous_7)
FNDA:8,(anonymous_8)
FNDA:0,(anonymous_9)
DA:3,2
DA:8,16
DA:9,1
DA:12,15
DA:13,15
DA:15,15
DA:17,15
DA:18,15
DA:19,15
DA:20,15
DA:21,15
DA:22,3
DA:23,3
DA:26,0
DA:31,15
DA:32,15
DA:33,15
DA:34,15
DA:35,15
DA:36,2
DA:37,2
DA:40,0
DA:45,15
DA:46,15
DA:47,15
DA:48,15
DA:49,15
DA:50,15
DA:51,15
DA:52,15
DA:57,15
DA:58,15
DA:59,15
DA:61,15
DA:62,15
DA:64,15
DA:67,15
DA:69,0
DA:77,9
DA:78,1
DA:81,8
DA:82,8
DA:84,8
DA:86,8
DA:87,8
DA:88,8
DA:89,8
DA:93,8
DA:94,8
DA:95,8
DA:96,8
DA:97,8
DA:98,8
DA:102,8
DA:103,8
DA:104,8
DA:105,8
DA:106,2
DA:107,1
DA:109,2
DA:112,0
DA:117,8
DA:118,8
DA:119,8
DA:120,8
DA:121,1
DA:122,0
DA:124,1
DA:127,0
DA:131,8
DA:133,0
LF:71
LH:64
BRDA:8,0,0,1
BRDA:8,0,1,15
BRDA:21,1,0,3
BRDA:21,1,1,12
BRDA:35,2,0,2
BRDA:35,2,1,13
BRDA:46,3,0,15
BRDA:46,3,1,0
BRDA:50,4,0,15
BRDA:50,4,1,0
BRDA:57,5,0,15
BRDA:57,5,1,0
BRDA:77,6,0,1
BRDA:77,6,1,8
BRDA:87,7,0,8
BRDA:87,7,1,0
BRDA:93,8,0,8
BRDA:93,8,1,0
BRDA:105,9,0,2
BRDA:105,9,1,6
BRDA:120,10,0,1
BRDA:120,10,1,7
BRF:22
BRH:17
end_of_record
TN:
SF:modules\click.ts
FN:14,(anonymous_0)
FN:31,(anonymous_1)
FN:34,check
FN:49,(anonymous_3)
FN:71,registerElement
FN:78,(anonymous_5)
FN:111,(anonymous_6)
FN:120,(anonymous_7)
FN:121,(anonymous_8)
FN:137,(anonymous_9)
FN:183,(anonymous_10)
FN:196,(anonymous_11)
FN:220,(anonymous_12)
FN:224,(anonymous_13)
FN:236,(anonymous_14)
FN:237,(anonymous_15)
FNF:16
FNH:13
FNDA:3,(anonymous_0)
FNDA:4,(anonymous_1)
FNDA:9,check
FNDA:29,(anonymous_3)
FNDA:24,registerElement
FNDA:3,(anonymous_5)
FNDA:0,(anonymous_6)
FNDA:0,(anonymous_7)
FNDA:0,(anonymous_8)
FNDA:6,(anonymous_9)
FNDA:1,(anonymous_10)
FNDA:7,(anonymous_11)
FNDA:1,(anonymous_12)
FNDA:2,(anonymous_13)
FNDA:3,(anonymous_14)
FNDA:3,(anonymous_15)
DA:2,3
DA:3,3
DA:12,3
DA:15,3
DA:17,3
DA:19,3
DA:20,3
DA:22,3
DA:23,2
DA:24,2
DA:25,2
DA:32,4
DA:35,9
DA:36,9
DA:37,2
DA:38,7
DA:39,5
DA:41,2
DA:45,4
DA:51,29
DA:52,1
DA:53,1
DA:54,1
DA:55,1
DA:58,28
DA:59,3
DA:60,3
DA:61,3
DA:64,25
DA:65,25
DA:66,25
DA:67,25
DA:68,25
DA:69,25
DA:72,24
DA:73,2
DA:74,2
DA:78,22
DA:79,3
DA:82,22
DA:83,2
DA:84,2
DA:85,2
DA:86,2
DA:87,2
DA:89,2
DA:93,20
DA:96,20
DA:105,20
DA:108,20
DA:110,15
DA:111,5
DA:112,0
DA:114,5
DA:115,5
DA:119,15
DA:120,5
DA:121,0
DA:123,0
DA:124,0
DA:130,5
DA:131,5
DA:135,15
DA:136,15
DA:137,15
DA:138,6
DA:139,5
DA:140,5
DA:144,1
DA:145,1
DA:146,1
DA:148,1
DA:152,1
DA:153,1
DA:160,20
DA:161,20
DA:162,5
DA:163,5
DA:165,5
DA:167,5
DA:172,25
DA:174,23
DA:175,3
DA:177,20
DA:179,23
DA:180,2
DA:181,1
DA:183,1
DA:185,1
DA:186,0
DA:188,1
DA:190,1
DA:197,7
DA:198,1
DA:201,6
DA:204,6
DA:209,6
DA:210,3
DA:211,3
DA:213,3
DA:214,1
DA:221,1
DA:222,1
DA:224,1
DA:225,2
DA:226,2
DA:227,2
DA:231,1
DA:232,1
DA:237,3
DA:239,3
DA:240,0
DA:244,3
DA:245,0
DA:249,3
DA:250,3
DA:254,3
DA:255,2
DA:256,2
DA:257,2
DA:262,3
DA:263,3
LF:122
LH:115
BRDA:22,0,0,2
BRDA:22,0,1,1
BRDA:22,1,0,3
BRDA:22,1,1,3
BRDA:23,2,0,2
BRDA:23,2,1,0
BRDA:31,3,0,2
BRDA:36,4,0,2
BRDA:36,4,1,7
BRDA:38,5,0,5
BRDA:38,5,1,2
BRDA:49,6,0,4
BRDA:51,7,0,1
BRDA:51,7,1,28
BRDA:58,8,0,3
BRDA:58,8,1,25
BRDA:65,9,0,25
BRDA:65,9,1,2
BRDA:66,10,0,1
BRDA:66,10,1,24
BRDA:67,11,0,25
BRDA:67,11,1,24
BRDA:68,12,0,7
BRDA:68,12,1,18
BRDA:69,13,0,25
BRDA:69,13,1,24
BRDA:69,14,0,23
BRDA:69,14,1,1
BRDA:72,15,0,2
BRDA:72,15,1,22
BRDA:82,16,0,2
BRDA:82,16,1,20
BRDA:84,17,0,2
BRDA:84,17,1,0
BRDA:85,18,0,2
BRDA:85,18,1,0
BRDA:100,19,0,1
BRDA:100,19,1,19
BRDA:108,20,0,15
BRDA:108,20,1,5
BRDA:110,21,0,5
BRDA:110,21,1,10
BRDA:119,22,0,5
BRDA:119,22,1,10
BRDA:123,23,0,0
BRDA:123,23,1,0
BRDA:123,24,0,0
BRDA:123,24,1,0
BRDA:135,25,0,15
BRDA:135,25,1,0
BRDA:138,26,0,5
BRDA:138,26,1,1
BRDA:148,27,0,1
BRDA:148,27,1,0
BRDA:148,28,0,1
BRDA:148,28,1,1
BRDA:148,28,2,0
BRDA:153,29,0,1
BRDA:153,29,1,0
BRDA:160,30,0,1
BRDA:160,30,1,19
BRDA:161,31,0,5
BRDA:161,31,1,15
BRDA:162,32,0,5
BRDA:162,32,1,0
BRDA:172,33,0,23
BRDA:172,33,1,2
BRDA:174,34,0,3
BRDA:174,34,1,20
BRDA:180,35,0,1
BRDA:180,35,1,1
BRDA:180,36,0,2
BRDA:180,36,1,2
BRDA:185,37,0,0
BRDA:185,37,1,1
BRDA:197,38,0,1
BRDA:197,38,1,6
BRDA:197,39,0,7
BRDA:197,39,1,7
BRDA:204,40,0,6
BRDA:204,40,1,3
BRDA:204,40,2,3
BRDA:204,40,3,3
BRDA:209,41,0,3
BRDA:209,41,1,3
BRDA:213,42,0,1
BRDA:213,42,1,2
BRDA:225,43,0,2
BRDA:225,43,1,0
BRDA:225,44,0,2
BRDA:225,44,1,2
BRDA:239,45,0,0
BRDA:239,45,1,3
BRDA:244,46,0,0
BRDA:244,46,1,3
BRDA:249,47,0,3
BRDA:249,47,1,0
BRDA:254,48,0,2
BRDA:254,48,1,1
BRDA:254,49,0,3
BRDA:254,49,1,3
BRDA:256,50,0,2
BRDA:256,50,1,0
BRF:103
BRH:85
end_of_record
TN:
SF:modules\events.ts
FN:35,(anonymous_0)
FN:43,(anonymous_1)
FN:45,(anonymous_2)
FN:50,(anonymous_3)
FN:52,(anonymous_4)
FN:57,(anonymous_5)
FN:62,(anonymous_6)
FN:78,(anonymous_7)
FN:80,(anonymous_8)
FN:97,(anonymous_9)
FN:103,(anonymous_10)
FN:109,(anonymous_11)
FN:115,(anonymous_12)
FNF:13
FNH:13
FNDA:11,(anonymous_0)
FNDA:1,(anonymous_1)
FNDA:1,(anonymous_2)
FNDA:1,(anonymous_3)
FNDA:1,(anonymous_4)
FNDA:1,(anonymous_5)
FNDA:2,(anonymous_6)
FNDA:1,(anonymous_7)
FNDA:1,(anonymous_8)
FNDA:3,(anonymous_9)
FNDA:1,(anonymous_10)
FNDA:3,(anonymous_11)
FNDA:4,(anonymous_12)
DA:2,2
DA:30,2
DA:37,11
DA:38,4
DA:39,4
DA:43,7
DA:44,1
DA:45,1
DA:46,1
DA:50,7
DA:51,1
DA:52,1
DA:53,1
DA:57,7
DA:58,1
DA:59,1
DA:62,7
DA:63,2
DA:64,2
DA:65,2
DA:67,2
DA:68,1
DA:71,2
DA:72,1
DA:74,1
DA:78,7
DA:79,1
DA:80,1
DA:81,1
DA:86,7
DA:87,7
DA:88,7
DA:89,7
DA:90,7
DA:92,7
DA:93,7
DA:98,3
DA:99,3
DA:104,1
DA:105,1
DA:110,3
DA:111,3
DA:116,4
DA:118,4
DA:119,2
DA:120,2
DA:121,1
DA:123,1
DA:126,2
DA:129,4
DA:130,4
DA:133,4
DA:134,4
DA:136,0
LF:54
LH:53
BRDA:37,0,0,4
BRDA:37,0,1,7
BRDA:65,1,0,1
BRDA:65,1,1,1
BRDA:67,2,0,1
BRDA:67,2,1,1
BRDA:71,3,0,1
BRDA:71,3,1,1
BRDA:118,4,0,2
BRDA:118,4,1,2
BRDA:118,5,0,4
BRDA:118,5,1,2
BRF:12
BRH:12
end_of_record
TN:
SF:modules\spa.ts
FN:17,(anonymous_0)
FN:32,(anonymous_1)
FN:48,(anonymous_2)
FN:60,(anonymous_3)
FN:67,(anonymous_4)
FN:72,(anonymous_5)
FN:77,(anonymous_6)
FN:83,(anonymous_7)
FN:86,(anonymous_8)
FN:88,(anonymous_9)
FN:112,(anonymous_10)
FN:120,(anonymous_11)
FN:123,(anonymous_12)
FN:124,(anonymous_13)
FN:135,(anonymous_14)
FNF:15
FNH:12
FNDA:13,(anonymous_0)
FNDA:3,(anonymous_1)
FNDA:3,(anonymous_2)
FNDA:17,(anonymous_3)
FNDA:1,(anonymous_4)
FNDA:1,(anonymous_5)
FNDA:0,(anonymous_6)
FNDA:2,(anonymous_7)
FNDA:2,(anonymous_8)
FNDA:0,(anonymous_9)
FNDA:3,(anonymous_10)
FNDA:4,(anonymous_11)
FNDA:4,(anonymous_12)
FNDA:1,(anonymous_13)
FNDA:0,(anonymous_14)
DA:2,2
DA:15,2
DA:18,13
DA:21,13
DA:22,13
DA:23,13
DA:25,13
DA:26,5
DA:27,5
DA:28,5
DA:29,5
DA:32,8
DA:33,3
DA:34,3
DA:35,3
DA:37,3
DA:38,2
DA:39,2
DA:40,2
DA:41,2
DA:49,3
DA:50,3
DA:52,3
DA:53,2
DA:55,1
DA:61,17
DA:64,17
DA:65,17
DA:67,17
DA:68,1
DA:69,1
DA:72,17
DA:73,1
DA:74,1
DA:77,17
DA:78,0
DA:82,17
DA:83,17
DA:84,2
DA:86,2
DA:87,2
DA:88,2
DA:89,0
DA:91,0
DA:97,2
DA:98,0
DA:102,17
DA:113,3
DA:114,2
DA:115,2
DA:121,4
DA:123,4
DA:124,4
DA:125,1
DA:126,1
DA:127,1
DA:128,1
DA:129,1
DA:131,1
DA:132,0
DA:134,1
DA:135,0
DA:136,0
DA:138,0
DA:139,0
DA:145,4
LF:66
LH:57
BRDA:21,0,0,13
BRDA:21,0,1,11
BRDA:25,1,0,5
BRDA:25,1,1,8
BRDA:25,2,0,13
BRDA:25,2,1,10
BRDA:25,2,2,9
BRDA:27,3,0,3
BRDA:27,3,1,2
BRDA:27,4,0,1
BRDA:27,4,1,1
BRDA:37,5,0,2
BRDA:37,5,1,1
BRDA:37,6,0,3
BRDA:37,6,1,2
BRDA:37,6,2,2
BRDA:39,7,0,1
BRDA:39,7,1,1
BRDA:39,8,0,0
BRDA:39,8,1,1
BRDA:50,9,0,2
BRDA:50,9,1,1
BRDA:52,10,0,2
BRDA:52,10,1,1
BRDA:82,11,0,17
BRDA:82,11,1,0
BRDA:87,12,0,2
BRDA:87,12,1,0
BRDA:87,13,0,2
BRDA:87,13,1,0
BRDA:89,14,0,0
BRDA:89,14,1,0
BRDA:89,15,0,0
BRDA:89,15,1,0
BRDA:97,16,0,0
BRDA:97,16,1,2
BRDA:113,17,0,2
BRDA:113,17,1,1
BRDA:125,18,0,1
BRDA:125,18,1,0
BRDA:125,19,0,1
BRDA:125,19,1,1
BRDA:127,20,0,1
BRDA:127,20,1,0
BRDA:127,21,0,1
BRDA:127,21,1,1
BRDA:131,22,0,0
BRDA:131,22,1,1
BRDA:134,23,0,0
BRDA:134,23,1,1
BRF:50
BRH:37
end_of_record
TN:
SF:modules\storage.ts
FN:9,(anonymous_0)
FN:26,(anonymous_1)
FN:50,(anonymous_2)
FN:75,(anonymous_3)
FN:99,(anonymous_4)
FN:111,(anonymous_5)
FN:126,(anonymous_6)
FNF:7
FNH:7
FNDA:5,(anonymous_0)
FNDA:1,(anonymous_1)
FNDA:1,(anonymous_2)
FNDA:3,(anonymous_3)
FNDA:2,(anonymous_4)
FNDA:3,(anonymous_5)
FNDA:2,(anonymous_6)
DA:2,1
DA:5,1
DA:10,5
DA:13,5
DA:14,1
DA:15,1
DA:16,1
DA:20,4
DA:21,2
DA:23,2
DA:26,2
DA:27,1
DA:28,1
DA:29,1
DA:31,1
DA:32,1
DA:34,1
DA:36,1
DA:37,1
DA:38,1
DA:39,1
DA:43,2
DA:45,2
DA:50,2
DA:51,1
DA:52,1
DA:53,1
DA:54,1
DA:58,2
DA:59,2
DA:60,2
DA:61,2
DA:62,2
DA:63,2
DA:64,2
DA:66,0
DA:67,0
DA:76,3
DA:78,3
DA:79,1
DA:85,1
DA:87,2
DA:88,2
DA:89,1
DA:91,1
DA:100,2
DA:102,2
DA:103,1
DA:107,1
DA:109,1
DA:110,1
DA:111,1
DA:112,3
DA:113,2
DA:116,1
DA:118,0
DA:127,2
DA:129,2
DA:131,2
DA:133,2
DA:134,1
DA:139,1
DA:140,1
DA:141,1
DA:143,1
DA:144,1
DA:145,1
DA:146,1
DA:148,0
LF:69
LH:65
BRDA:13,0,0,1
BRDA:13,0,1,4
BRDA:20,1,0,2
BRDA:20,1,1,2
BRDA:27,2,0,1
BRDA:27,2,1,0
BRDA:27,3,0,1
BRDA:27,3,1,1
BRDA:27,3,2,1
BRDA:31,4,0,1
BRDA:31,4,1,0
BRDA:36,5,0,1
BRDA:36,5,1,0
BRDA:51,6,0,1
BRDA:51,6,1,0
BRDA:61,7,0,1
BRDA:61,7,1,1
BRDA:78,8,0,1
BRDA:78,8,1,2
BRDA:102,9,0,1
BRDA:102,9,1,1
BRDA:112,10,0,2
BRDA:112,10,1,1
BRDA:133,11,0,1
BRDA:133,11,1,1
BRF:25
BRH:21
end_of_record
TN:
SF:modules\wallpaper.ts
FN:15,forceMouseOverEvent
FN:70,setInteractive
FN:99,nextFrame
FN:100,(anonymous_3)
FN:101,(anonymous_4)
FN:110,handleMouseDown
FN:132,handleMouseUp
FN:142,(anonymous_7)
FN:150,restoreTransparency
FN:184,handleMouseMove
FN:193,initWallpaperController
FN:219,(anonymous_11)
FNF:12
FNH:11
FNDA:6,forceMouseOverEvent
FNDA:4,setInteractive
FNDA:4,nextFrame
FNDA:4,(anonymous_3)
FNDA:4,(anonymous_4)
FNDA:3,handleMouseDown
FNDA:2,handleMouseUp
FNDA:0,(anonymous_7)
FNDA:2,restoreTransparency
FNDA:1,handleMouseMove
FNDA:22,initWallpaperController
FNDA:6,(anonymous_11)
DA:6,2
DA:7,2
DA:8,2
DA:9,2
DA:16,6
DA:18,6
DA:19,6
DA:22,6
DA:24,4
DA:25,1
DA:26,1
DA:29,3
DA:33,3
DA:36,3
DA:49,3
DA:50,3
DA:53,3
DA:57,3
DA:59,3
DA:62,2
DA:71,4
DA:73,4
DA:74,4
DA:76,4
DA:77,3
DA:79,3
DA:84,2
DA:85,2
DA:87,1
DA:88,1
DA:89,1
DA:92,1
DA:100,4
DA:101,4
DA:102,4
DA:111,3
DA:112,3
DA:114,3
DA:115,3
DA:117,3
DA:123,3
DA:124,0
DA:125,0
DA:133,2
DA:134,2
DA:136,2
DA:137,2
DA:139,2
DA:142,2
DA:143,0
DA:151,2
DA:153,2
DA:154,2
DA:155,2
DA:158,2
DA:159,2
DA:167,2
DA:168,2
DA:171,2
DA:172,2
DA:174,2
DA:177,0
DA:185,1
DA:186,1
DA:187,1
DA:193,2
DA:194,22
DA:196,22
DA:198,22
DA:203,21
DA:208,21
DA:213,21
DA:216,21
DA:219,6
DA:227,6
LF:75
LH:71
BRDA:24,0,0,1
BRDA:24,0,1,3
BRDA:30,1,0,0
BRDA:30,1,1,3
BRDA:31,2,0,3
BRDA:31,2,1,0
BRDA:76,3,0,3
BRDA:76,3,1,1
BRDA:85,4,0,2
BRDA:85,4,1,0
BRDA:123,5,0,0
BRDA:123,5,1,3
BRF:12
BRH:8
end_of_record
TN:
SF:modules\webmessage.ts
FN:21,setupWebMessageListener
FN:46,handleWebMessage
FN:62,logMessage
FN:83,handleMouseEvent
FN:122,handleMouseMove
FN:150,handleClickEvent
FN:155,(anonymous_6)
FN:169,(anonymous_7)
FNF:8
FNH:0
FNDA:0,setupWebMessageListener
FNDA:0,handleWebMessage
FNDA:0,logMessage
FNDA:0,handleMouseEvent
FNDA:0,handleMouseMove
FNDA:0,handleClickEvent
FNDA:0,(anonymous_6)
FNDA:0,(anonymous_7)
DA:15,0
DA:21,0
DA:22,0
DA:23,0
DA:24,0
DA:27,0
DA:30,0
DA:31,0
DA:32,0
DA:35,0
DA:36,0
DA:38,0
DA:40,0
DA:47,0
DA:50,0
DA:53,0
DA:54,0
DA:63,0
DA:65,0
DA:67,0
DA:68,0
DA:70,0
DA:72,0
DA:73,0
DA:75,0
DA:76,0
DA:84,0
DA:87,0
DA:88,0
DA:90,0
DA:94,0
DA:107,0
DA:108,0
DA:109,0
DA:113,0
DA:115,0
DA:125,0
DA:126,0
DA:129,0
DA:130,0
DA:131,0
DA:136,0
DA:144,0
DA:153,0
DA:155,0
DA:156,0
DA:157,0
DA:160,0
DA:166,0
DA:167,0
DA:168,0
DA:169,0
DA:170,0
DA:174,0
DA:177,0
DA:178,0
DA:180,0
DA:181,0
DA:182,0
DA:184,0
DA:185,0
DA:188,0
DA:189,0
DA:191,0
DA:193,0
DA:194,0
DA:195,0
DA:200,0
DA:201,0
DA:204,0
DA:207,0
DA:210,0
DA:213,0
DA:216,0
DA:217,0
DA:219,0
DA:221,0
DA:222,0
DA:226,0
DA:227,0
DA:229,0
DA:230,0
DA:232,0
DA:233,0
DA:238,0
DA:246,0
DA:249,0
DA:250,0
DA:256,0
DA:263,0
LF:90
LH:0
BRDA:22,0,0,0
BRDA:22,0,1,0
BRDA:22,1,0,0
BRDA:22,1,1,0
BRDA:30,2,0,0
BRDA:30,2,1,0
BRDA:53,3,0,0
BRDA:53,3,1,0
BRDA:53,4,0,0
BRDA:53,4,1,0
BRDA:63,5,0,0
BRDA:63,5,1,0
BRDA:65,6,0,0
BRDA:65,6,1,0
BRDA:65,7,0,0
BRDA:65,7,1,0
BRDA:67,8,0,0
BRDA:67,8,1,0
BRDA:72,9,0,0
BRDA:72,9,1,0
BRDA:75,10,0,0
BRDA:75,10,1,0
BRDA:102,11,0,0
BRDA:102,11,1,0
BRDA:103,12,0,0
BRDA:103,12,1,0
BRDA:107,13,0,0
BRDA:107,13,1,0
BRDA:129,14,0,0
BRDA:129,14,1,0
BRDA:130,15,0,0
BRDA:130,15,1,0
BRDA:141,16,0,0
BRDA:141,16,1,0
BRDA:182,17,0,0
BRDA:182,17,1,0
BRDA:182,17,2,0
BRDA:182,17,3,0
BRDA:184,18,0,0
BRDA:184,18,1,0
BRDA:185,19,0,0
BRDA:185,19,1,0
BRDA:189,20,0,0
BRDA:189,20,1,0
BRDA:193,21,0,0
BRDA:193,21,1,0
BRDA:200,22,0,0
BRDA:200,22,1,0
BRDA:201,23,0,0
BRDA:201,23,1,0
BRDA:216,24,0,0
BRDA:216,24,1,0
BRDA:218,25,0,0
BRDA:218,25,1,0
BRDA:226,26,0,0
BRDA:226,26,1,0
BRDA:228,27,0,0
BRDA:228,27,1,0
BRDA:228,28,0,0
BRDA:228,28,1,0
BRDA:229,29,0,0
BRDA:229,29,1,0
BRDA:231,30,0,0
BRDA:231,30,1,0
BRDA:231,31,0,0
BRDA:231,31,1,0
BRDA:232,32,0,0
BRDA:232,32,1,0
BRDA:234,33,0,0
BRDA:234,33,1,0
BRDA:234,34,0,0
BRDA:234,34,1,0
BRDA:243,35,0,0
BRDA:243,35,1,0
BRDA:249,36,0,0
BRDA:249,36,1,0
BRF:76
BRH:0
end_of_record
TN:
SF:utils\bounds.ts
FN:8,(anonymous_0)
FN:40,(anonymous_1)
FN:48,(anonymous_2)
FNF:3
FNH:3
FNDA:46,(anonymous_0)
FNDA:29,(anonymous_1)
FNDA:18,(anonymous_2)
DA:4,4
DA:10,46
DA:11,46
DA:12,2
DA:13,2
DA:14,1
DA:16,1
DA:20,45
DA:21,2
DA:22,2
DA:25,43
DA:27,43
DA:41,29
DA:50,18
DA:51,18
DA:52,2
DA:53,2
DA:54,1
DA:56,1
DA:60,17
DA:61,2
DA:62,2
DA:65,15
DA:67,15
DA:68,15
DA:69,15
DA:70,15
DA:72,15
LF:28
LH:28
BRDA:11,0,0,2
BRDA:11,0,1,44
BRDA:13,1,0,1
BRDA:13,1,1,1
BRDA:20,2,0,2
BRDA:20,2,1,43
BRDA:20,3,0,45
BRDA:20,3,1,44
BRDA:41,4,0,29
BRDA:41,4,1,22
BRDA:41,4,2,16
BRDA:41,4,3,14
BRDA:51,5,0,2
BRDA:51,5,1,16
BRDA:53,6,0,1
BRDA:53,6,1,1
BRDA:60,7,0,2
BRDA:60,7,1,15
BRDA:60,8,0,17
BRDA:60,8,1,16
BRDA:72,9,0,15
BRDA:72,9,1,12
BRDA:72,9,2,8
BRDA:72,9,3,8
BRF:24
BRH:24
end_of_record
TN:
SF:utils\coordinates.ts
FN:8,(anonymous_0)
FN:26,(anonymous_1)
FNF:2
FNH:2
FNDA:5,(anonymous_0)
FNDA:1,(anonymous_1)
DA:4,1
DA:10,5
DA:11,5
DA:14,5
DA:17,5
DA:18,5
DA:20,5
DA:27,1
DA:28,1
DA:29,1
DA:31,1
LF:11
LH:11
BRDA:10,0,0,5
BRDA:10,0,1,0
BRDA:11,1,0,5
BRDA:11,1,1,0
BRDA:27,2,0,1
BRDA:27,2,1,0
BRDA:28,3,0,1
BRDA:28,3,1,0
BRF:8
BRH:4
end_of_record
TN:
SF:utils\debug.ts
FN:10,(anonymous_0)
FN:18,(anonymous_1)
FN:27,(anonymous_2)
FN:54,(anonymous_3)
FNF:4
FNH:4
FNDA:3,(anonymous_0)
FNDA:31,(anonymous_1)
FNDA:9,(anonymous_2)
FNDA:5,(anonymous_3)
DA:4,7
DA:11,3
DA:12,3
DA:19,31
DA:20,8
DA:29,9
DA:30,9
DA:31,1
DA:34,9
DA:35,9
DA:36,9
DA:46,9
DA:48,9
DA:55,5
DA:56,5
DA:57,0
LF:16
LH:15
BRDA:18,0,0,23
BRDA:19,1,0,8
BRDA:19,1,1,23
BRDA:19,2,0,31
BRDA:19,2,1,30
BRDA:30,3,0,1
BRDA:30,3,1,8
BRDA:30,4,0,9
BRDA:30,4,1,2
BRDA:56,5,0,0
BRDA:56,5,1,5
BRF:11
BRH:10
end_of_record
