TN:
SF:core\AnyWP.ts
FN:35,(anonymous_0)
FN:40,(anonymous_1)
FN:45,(anonymous_2)
FN:49,(anonymous_3)
FN:53,(anonymous_4)
FN:57,(anonymous_5)
FN:61,(anonymous_6)
FN:65,(anonymous_7)
FN:69,(anonymous_8)
FN:73,(anonymous_9)
FN:77,(anonymous_10)
FN:81,(anonymous_11)
FN:85,(anonymous_12)
FN:89,(anonymous_13)
FN:93,(anonymous_14)
FN:97,(anonymous_15)
FN:101,(anonymous_16)
FN:105,(anonymous_17)
FN:119,(anonymous_18)
FNF:19
FNH:0
FNDA:0,(anonymous_0)
FNDA:0,(anonymous_1)
FNDA:0,(anonymous_2)
FNDA:0,(anonymous_3)
FNDA:0,(anonymous_4)
FNDA:0,(anonymous_5)
FNDA:0,(anonymous_6)
FNDA:0,(anonymous_7)
FNDA:0,(anonymous_8)
FNDA:0,(anonymous_9)
FNDA:0,(anonymous_10)
FNDA:0,(anonymous_11)
FNDA:0,(anonymous_12)
FNDA:0,(anonymous_13)
FNDA:0,(anonymous_14)
FNDA:0,(anonymous_15)
FNDA:0,(anonymous_16)
FNDA:0,(anonymous_17)
FNDA:0,(anonymous_18)
DA:12,0
DA:36,0
DA:41,0
DA:46,0
DA:50,0
DA:54,0
DA:58,0
DA:62,0
DA:66,0
DA:70,0
DA:74,0
DA:78,0
DA:82,0
DA:86,0
DA:90,0
DA:94,0
DA:98,0
DA:102,0
DA:106,0
DA:108,0
DA:109,0
DA:114,0
DA:115,0
DA:120,0
DA:122,0
DA:123,0
LF:26
LH:0
BRDA:15,0,0,0
BRDA:15,0,1,0
BRDA:16,1,0,0
BRDA:16,1,1,0
BRDA:17,2,0,0
BRDA:17,2,1,0
BRDA:108,3,0,0
BRDA:108,3,1,0
BRDA:122,4,0,0
BRDA:122,4,1,0
BRF:10
BRH:0
end_of_record
TN:
SF:core\init.ts
FN:9,initializeAnyWP
FNF:1
FNH:0
FNDA:0,initializeAnyWP
DA:2,0
DA:3,0
DA:4,0
DA:5,0
DA:6,0
DA:9,0
DA:10,0
DA:11,0
DA:12,0
DA:13,0
DA:14,0
DA:15,0
DA:16,0
DA:18,0
DA:19,0
DA:20,0
DA:23,0
DA:24,0
LF:18
LH:0
BRF:0
BRH:0
end_of_record
TN:
SF:modules\animations.ts
FN:7,(anonymous_0)
FN:19,(anonymous_1)
FN:33,(anonymous_2)
FN:61,(anonymous_3)
FN:62,(anonymous_4)
FN:76,(anonymous_5)
FN:103,(anonymous_6)
FN:106,(anonymous_7)
FN:118,(anonymous_8)
FN:121,(anonymous_9)
FNF:10
FNH:8
FNDA:16,(anonymous_0)
FNDA:15,(anonymous_1)
FNDA:15,(anonymous_2)
FNDA:1,(anonymous_3)
FNDA:0,(anonymous_4)
FNDA:9,(anonymous_5)
FNDA:8,(anonymous_6)
FNDA:1,(anonymous_7)
FNDA:8,(anonymous_8)
FNDA:0,(anonymous_9)
DA:3,1
DA:8,16
DA:9,1
DA:12,15
DA:13,15
DA:15,15
DA:17,15
DA:18,15
DA:19,15
DA:20,15
DA:21,15
DA:22,3
DA:23,3
DA:26,0
DA:31,15
DA:32,15
DA:33,15
DA:34,15
DA:35,15
DA:36,2
DA:37,2
DA:40,0
DA:45,15
DA:46,15
DA:47,15
DA:48,15
DA:49,15
DA:50,15
DA:51,15
DA:52,15
DA:57,15
DA:58,15
DA:59,15
DA:61,15
DA:62,15
DA:64,15
DA:67,15
DA:69,0
DA:77,9
DA:78,1
DA:81,8
DA:82,8
DA:84,8
DA:86,8
DA:87,8
DA:88,8
DA:89,8
DA:93,8
DA:94,8
DA:95,8
DA:96,8
DA:97,8
DA:98,8
DA:102,8
DA:103,8
DA:104,8
DA:105,8
DA:106,2
DA:107,1
DA:109,2
DA:112,0
DA:117,8
DA:118,8
DA:119,8
DA:120,8
DA:121,1
DA:122,0
DA:124,1
DA:127,0
DA:131,8
DA:133,0
LF:71
LH:64
BRDA:8,0,0,1
BRDA:8,0,1,15
BRDA:21,1,0,3
BRDA:21,1,1,12
BRDA:35,2,0,2
BRDA:35,2,1,13
BRDA:46,3,0,15
BRDA:46,3,1,0
BRDA:50,4,0,15
BRDA:50,4,1,0
BRDA:57,5,0,15
BRDA:57,5,1,0
BRDA:77,6,0,1
BRDA:77,6,1,8
BRDA:87,7,0,8
BRDA:87,7,1,0
BRDA:93,8,0,8
BRDA:93,8,1,0
BRDA:105,9,0,2
BRDA:105,9,1,6
BRDA:120,10,0,1
BRDA:120,10,1,7
BRF:22
BRH:17
end_of_record
TN:
SF:modules\click.ts
FN:14,(anonymous_0)
FN:31,(anonymous_1)
FN:34,check
FN:49,(anonymous_3)
FN:57,registerElement
FN:64,(anonymous_5)
FN:90,(anonymous_6)
FN:121,(anonymous_7)
FN:134,(anonymous_8)
FN:157,(anonymous_9)
FN:161,(anonymous_10)
FN:173,(anonymous_11)
FN:174,(anonymous_12)
FNF:13
FNH:12
FNDA:3,(anonymous_0)
FNDA:3,(anonymous_1)
FNDA:7,check
FNDA:9,(anonymous_3)
FNDA:9,registerElement
FNDA:2,(anonymous_5)
FNDA:0,(anonymous_6)
FNDA:1,(anonymous_7)
FNDA:4,(anonymous_8)
FNDA:1,(anonymous_9)
FNDA:2,(anonymous_10)
FNDA:1,(anonymous_11)
FNDA:1,(anonymous_12)
DA:2,1
DA:3,1
DA:12,1
DA:15,3
DA:17,3
DA:19,3
DA:20,3
DA:22,3
DA:23,2
DA:24,2
DA:25,2
DA:32,3
DA:35,7
DA:36,7
DA:37,2
DA:38,5
DA:39,4
DA:41,1
DA:45,3
DA:50,9
DA:51,9
DA:52,9
DA:53,9
DA:54,9
DA:55,9
DA:58,9
DA:59,1
DA:60,1
DA:64,8
DA:65,2
DA:68,8
DA:69,1
DA:70,1
DA:74,8
DA:77,8
DA:86,8
DA:89,8
DA:90,0
DA:91,0
DA:93,0
DA:94,0
DA:98,8
DA:99,8
DA:100,0
DA:101,0
DA:103,0
DA:105,0
DA:110,9
DA:112,8
DA:113,2
DA:115,6
DA:117,8
DA:118,1
DA:119,0
DA:121,1
DA:123,1
DA:124,0
DA:126,1
DA:128,1
DA:135,4
DA:136,1
DA:139,3
DA:142,3
DA:147,3
DA:148,1
DA:150,1
DA:151,0
DA:158,1
DA:159,1
DA:161,1
DA:162,2
DA:163,2
DA:164,2
DA:168,1
DA:169,1
DA:174,1
DA:175,1
DA:176,0
DA:178,1
DA:179,0
DA:180,0
DA:181,0
DA:186,1
DA:187,1
LF:84
LH:69
BRDA:22,0,0,2
BRDA:22,0,1,1
BRDA:22,1,0,3
BRDA:22,1,1,3
BRDA:23,2,0,2
BRDA:23,2,1,0
BRDA:31,3,0,2
BRDA:36,4,0,2
BRDA:36,4,1,5
BRDA:38,5,0,4
BRDA:38,5,1,1
BRDA:49,6,0,0
BRDA:51,7,0,9
BRDA:51,7,1,1
BRDA:52,8,0,0
BRDA:52,8,1,9
BRDA:53,9,0,9
BRDA:53,9,1,9
BRDA:54,10,0,0
BRDA:54,10,1,9
BRDA:55,11,0,9
BRDA:55,11,1,8
BRDA:55,12,0,8
BRDA:55,12,1,0
BRDA:58,13,0,1
BRDA:58,13,1,8
BRDA:68,14,0,1
BRDA:68,14,1,7
BRDA:81,15,0,1
BRDA:81,15,1,7
BRDA:89,16,0,0
BRDA:89,16,1,8
BRDA:89,17,0,8
BRDA:89,17,1,8
BRDA:98,18,0,0
BRDA:98,18,1,8
BRDA:99,19,0,0
BRDA:99,19,1,8
BRDA:100,20,0,0
BRDA:100,20,1,0
BRDA:110,21,0,8
BRDA:110,21,1,1
BRDA:112,22,0,2
BRDA:112,22,1,6
BRDA:118,23,0,0
BRDA:118,23,1,1
BRDA:118,24,0,1
BRDA:118,24,1,1
BRDA:123,25,0,0
BRDA:123,25,1,1
BRDA:135,26,0,1
BRDA:135,26,1,3
BRDA:135,27,0,4
BRDA:135,27,1,4
BRDA:142,28,0,3
BRDA:142,28,1,2
BRDA:142,28,2,2
BRDA:142,28,3,2
BRDA:147,29,0,1
BRDA:147,29,1,2
BRDA:150,30,0,0
BRDA:150,30,1,1
BRDA:162,31,0,2
BRDA:162,31,1,0
BRDA:162,32,0,2
BRDA:162,32,1,2
BRDA:175,33,0,0
BRDA:175,33,1,1
BRDA:178,34,0,0
BRDA:178,34,1,1
BRDA:178,35,0,1
BRDA:178,35,1,1
BRDA:180,36,0,0
BRDA:180,36,1,0
BRF:74
BRH:56
end_of_record
TN:
SF:modules\drag.ts
FN:16,(anonymous_0)
FN:37,(anonymous_1)
FN:71,(anonymous_2)
FN:76,(anonymous_3)
FN:82,handleGlobalMouse
FN:244,(anonymous_5)
FN:262,(anonymous_6)
FN:273,(anonymous_7)
FN:286,(anonymous_8)
FNF:9
FNH:8
FNDA:18,(anonymous_0)
FNDA:5,(anonymous_1)
FNDA:1,(anonymous_2)
FNDA:1,(anonymous_3)
FNDA:0,handleGlobalMouse
FNDA:4,(anonymous_5)
FNDA:3,(anonymous_6)
FNDA:4,(anonymous_7)
FNDA:3,(anonymous_8)
DA:2,1
DA:3,1
DA:14,1
DA:17,18
DA:18,18
DA:19,18
DA:20,18
DA:21,18
DA:24,18
DA:25,2
DA:27,16
DA:30,18
DA:31,1
DA:32,1
DA:36,17
DA:37,5
DA:38,5
DA:39,3
DA:40,3
DA:41,3
DA:42,3
DA:48,17
DA:57,17
DA:60,17
DA:61,0
DA:64,17
DA:65,17
DA:66,17
DA:67,17
DA:68,17
DA:70,17
DA:71,17
DA:72,1
DA:73,1
DA:76,17
DA:77,1
DA:78,1
DA:83,0
DA:84,0
DA:85,0
DA:88,0
DA:89,0
DA:90,0
DA:91,0
DA:92,0
DA:94,0
DA:96,0
DA:97,0
DA:99,0
DA:100,0
DA:101,0
DA:103,0
DA:104,0
DA:106,0
DA:107,0
DA:108,0
DA:109,0
DA:111,0
DA:114,0
DA:115,0
DA:116,0
DA:125,0
DA:126,0
DA:127,0
DA:128,0
DA:129,0
DA:131,0
DA:134,0
DA:139,0
DA:140,0
DA:143,0
DA:144,0
DA:146,0
DA:162,0
DA:163,0
DA:169,0
DA:171,0
DA:172,0
DA:173,0
DA:175,0
DA:176,0
DA:178,0
DA:179,0
DA:180,0
DA:182,0
DA:183,0
DA:185,0
DA:186,0
DA:188,0
DA:189,0
DA:193,0
DA:194,0
DA:196,0
DA:197,0
DA:205,0
DA:206,0
DA:208,0
DA:209,0
DA:214,0
DA:215,0
DA:218,0
DA:219,0
DA:222,0
DA:224,0
DA:226,0
DA:229,0
DA:230,0
DA:234,17
DA:236,17
DA:240,17
DA:246,4
DA:247,1
DA:249,3
DA:252,4
DA:253,1
DA:254,1
DA:257,3
DA:258,3
DA:259,3
DA:262,3
DA:263,3
DA:266,3
DA:267,3
DA:269,3
DA:275,4
DA:276,1
DA:278,3
DA:281,4
DA:282,1
DA:283,1
DA:286,3
DA:287,3
DA:290,3
DA:291,1
DA:292,1
DA:294,2
DA:295,2
DA:298,3
DA:299,3
DA:301,3
DA:303,3
DA:304,0
DA:310,3
DA:311,3
DA:312,1
DA:314,2
DA:317,0
DA:321,3
DA:324,3
LF:149
LH:76
BRDA:16,0,0,11
BRDA:17,1,0,18
BRDA:17,1,1,13
BRDA:18,2,0,18
BRDA:18,2,1,17
BRDA:19,3,0,18
BRDA:19,3,1,17
BRDA:20,4,0,18
BRDA:20,4,1,17
BRDA:21,5,0,18
BRDA:21,5,1,17
BRDA:24,6,0,2
BRDA:24,6,1,16
BRDA:30,7,0,1
BRDA:30,7,1,17
BRDA:36,8,0,5
BRDA:36,8,1,12
BRDA:38,9,0,3
BRDA:38,9,1,2
BRDA:38,10,0,5
BRDA:38,10,1,3
BRDA:60,11,0,0
BRDA:60,11,1,17
BRDA:83,12,0,0
BRDA:83,12,1,0
BRDA:94,13,0,0
BRDA:94,13,1,0
BRDA:99,14,0,0
BRDA:99,14,1,0
BRDA:100,15,0,0
BRDA:100,15,1,0
BRDA:111,16,0,0
BRDA:111,16,1,0
BRDA:111,16,2,0
BRDA:111,16,3,0
BRDA:114,17,0,0
BRDA:114,17,1,0
BRDA:115,18,0,0
BRDA:115,18,1,0
BRDA:115,18,2,0
BRDA:120,19,0,0
BRDA:120,19,1,0
BRDA:126,20,0,0
BRDA:126,20,1,0
BRDA:127,21,0,0
BRDA:127,21,1,0
BRDA:139,22,0,0
BRDA:139,22,1,0
BRDA:143,23,0,0
BRDA:143,23,1,0
BRDA:143,24,0,0
BRDA:143,24,1,0
BRDA:143,24,2,0
BRDA:162,25,0,0
BRDA:162,25,1,0
BRDA:171,26,0,0
BRDA:171,26,1,0
BRDA:171,27,0,0
BRDA:171,27,1,0
BRDA:171,27,2,0
BRDA:178,28,0,0
BRDA:178,28,1,0
BRDA:179,29,0,0
BRDA:179,29,1,0
BRDA:182,30,0,0
BRDA:182,30,1,0
BRDA:185,31,0,0
BRDA:185,31,1,0
BRDA:188,32,0,0
BRDA:188,32,1,0
BRDA:196,33,0,0
BRDA:196,33,1,0
BRDA:205,34,0,0
BRDA:205,34,1,0
BRDA:205,35,0,0
BRDA:205,35,1,0
BRDA:205,35,2,0
BRDA:214,36,0,0
BRDA:214,36,1,0
BRDA:218,37,0,0
BRDA:218,37,1,0
BRDA:226,38,0,0
BRDA:226,38,1,0
BRDA:226,39,0,0
BRDA:226,39,1,0
BRDA:229,40,0,0
BRDA:229,40,1,0
BRDA:229,41,0,0
BRDA:229,41,1,0
BRDA:229,41,2,0
BRDA:240,42,0,17
BRDA:240,42,1,0
BRDA:246,43,0,1
BRDA:246,43,1,3
BRDA:252,44,0,1
BRDA:252,44,1,3
BRDA:257,45,0,3
BRDA:257,45,1,0
BRDA:269,46,0,3
BRDA:269,46,1,0
BRDA:275,47,0,1
BRDA:275,47,1,3
BRDA:281,48,0,1
BRDA:281,48,1,3
BRDA:290,49,0,1
BRDA:290,49,1,2
BRDA:298,50,0,3
BRDA:298,50,1,0
BRDA:298,51,0,3
BRDA:298,51,1,3
BRDA:303,52,0,0
BRDA:303,52,1,3
BRDA:303,53,0,3
BRDA:303,53,1,0
BRDA:307,54,0,0
BRDA:307,54,1,0
BRDA:311,55,0,1
BRDA:311,55,1,2
BRF:118
BRH:42
end_of_record
TN:
SF:modules\events.ts
FN:36,(anonymous_0)
FN:37,(anonymous_1)
FN:39,(anonymous_2)
FN:44,(anonymous_3)
FN:46,(anonymous_4)
FN:51,(anonymous_5)
FN:56,(anonymous_6)
FN:62,(anonymous_7)
FN:78,(anonymous_8)
FN:80,(anonymous_9)
FN:87,(anonymous_10)
FN:93,(anonymous_11)
FN:99,(anonymous_12)
FN:105,(anonymous_13)
FNF:14
FNH:14
FNDA:7,(anonymous_0)
FNDA:1,(anonymous_1)
FNDA:1,(anonymous_2)
FNDA:2,(anonymous_3)
FNDA:1,(anonymous_4)
FNDA:3,(anonymous_5)
FNDA:4,(anonymous_6)
FNDA:39,(anonymous_7)
FNDA:7,(anonymous_8)
FNDA:7,(anonymous_9)
FNDA:3,(anonymous_10)
FNDA:1,(anonymous_11)
FNDA:3,(anonymous_12)
FNDA:4,(anonymous_13)
DA:2,1
DA:34,1
DA:37,7
DA:38,1
DA:39,1
DA:40,1
DA:44,7
DA:45,2
DA:46,2
DA:47,1
DA:51,7
DA:52,3
DA:53,3
DA:56,7
DA:57,4
DA:58,4
DA:59,4
DA:62,7
DA:63,39
DA:64,39
DA:65,39
DA:67,39
DA:68,6
DA:71,39
DA:72,12
DA:74,27
DA:78,7
DA:79,7
DA:80,7
DA:81,7
DA:88,3
DA:89,3
DA:94,1
DA:95,1
DA:100,3
DA:101,3
DA:106,4
DA:108,4
DA:109,2
DA:110,2
DA:111,1
DA:113,1
DA:116,2
DA:119,4
DA:120,4
DA:123,4
DA:124,4
DA:126,0
LF:48
LH:47
BRDA:59,0,0,0
BRDA:59,0,1,4
BRDA:65,1,0,27
BRDA:65,1,1,12
BRDA:67,2,0,6
BRDA:67,2,1,33
BRDA:71,3,0,12
BRDA:71,3,1,27
BRDA:108,4,0,2
BRDA:108,4,1,2
BRDA:108,5,0,4
BRDA:108,5,1,2
BRF:12
BRH:11
end_of_record
TN:
SF:modules\spa.ts
FN:17,(anonymous_0)
FN:32,(anonymous_1)
FN:48,(anonymous_2)
FN:60,(anonymous_3)
FN:67,(anonymous_4)
FN:72,(anonymous_5)
FN:77,(anonymous_6)
FN:83,(anonymous_7)
FN:86,(anonymous_8)
FN:88,(anonymous_9)
FN:112,(anonymous_10)
FN:120,(anonymous_11)
FN:123,(anonymous_12)
FN:124,(anonymous_13)
FN:135,(anonymous_14)
FNF:15
FNH:12
FNDA:8,(anonymous_0)
FNDA:3,(anonymous_1)
FNDA:3,(anonymous_2)
FNDA:17,(anonymous_3)
FNDA:1,(anonymous_4)
FNDA:1,(anonymous_5)
FNDA:0,(anonymous_6)
FNDA:2,(anonymous_7)
FNDA:2,(anonymous_8)
FNDA:0,(anonymous_9)
FNDA:3,(anonymous_10)
FNDA:4,(anonymous_11)
FNDA:4,(anonymous_12)
FNDA:1,(anonymous_13)
FNDA:0,(anonymous_14)
DA:2,1
DA:15,1
DA:18,8
DA:21,8
DA:22,8
DA:23,8
DA:25,8
DA:26,5
DA:27,5
DA:28,5
DA:29,5
DA:32,3
DA:33,3
DA:34,3
DA:35,3
DA:37,3
DA:38,2
DA:39,2
DA:40,2
DA:41,2
DA:49,3
DA:50,3
DA:52,3
DA:53,2
DA:55,1
DA:61,17
DA:64,17
DA:65,17
DA:67,17
DA:68,1
DA:69,1
DA:72,17
DA:73,1
DA:74,1
DA:77,17
DA:78,0
DA:82,17
DA:83,17
DA:84,2
DA:86,2
DA:87,2
DA:88,2
DA:89,0
DA:91,0
DA:97,2
DA:98,0
DA:102,17
DA:113,3
DA:114,2
DA:115,2
DA:121,4
DA:123,4
DA:124,4
DA:125,1
DA:126,1
DA:127,1
DA:128,1
DA:129,1
DA:131,1
DA:132,0
DA:134,1
DA:135,0
DA:136,0
DA:138,0
DA:139,0
DA:145,4
LF:66
LH:57
BRDA:21,0,0,8
BRDA:21,0,1,6
BRDA:25,1,0,5
BRDA:25,1,1,3
BRDA:25,2,0,8
BRDA:25,2,1,5
BRDA:25,2,2,4
BRDA:27,3,0,3
BRDA:27,3,1,2
BRDA:27,4,0,1
BRDA:27,4,1,1
BRDA:37,5,0,2
BRDA:37,5,1,1
BRDA:37,6,0,3
BRDA:37,6,1,2
BRDA:37,6,2,2
BRDA:39,7,0,1
BRDA:39,7,1,1
BRDA:39,8,0,0
BRDA:39,8,1,1
BRDA:50,9,0,2
BRDA:50,9,1,1
BRDA:52,10,0,2
BRDA:52,10,1,1
BRDA:82,11,0,17
BRDA:82,11,1,0
BRDA:87,12,0,2
BRDA:87,12,1,0
BRDA:87,13,0,2
BRDA:87,13,1,0
BRDA:89,14,0,0
BRDA:89,14,1,0
BRDA:89,15,0,0
BRDA:89,15,1,0
BRDA:97,16,0,0
BRDA:97,16,1,2
BRDA:113,17,0,2
BRDA:113,17,1,1
BRDA:125,18,0,1
BRDA:125,18,1,0
BRDA:125,19,0,1
BRDA:125,19,1,1
BRDA:127,20,0,1
BRDA:127,20,1,0
BRDA:127,21,0,1
BRDA:127,21,1,1
BRDA:131,22,0,0
BRDA:131,22,1,1
BRDA:134,23,0,0
BRDA:134,23,1,1
BRF:50
BRH:37
end_of_record
TN:
SF:modules\storage.ts
FN:9,(anonymous_0)
FN:23,(anonymous_1)
FN:42,(anonymous_2)
FN:65,(anonymous_3)
FN:89,(anonymous_4)
FN:101,(anonymous_5)
FN:116,(anonymous_6)
FNF:7
FNH:7
FNDA:9,(anonymous_0)
FNDA:1,(anonymous_1)
FNDA:2,(anonymous_2)
FNDA:2,(anonymous_3)
FNDA:2,(anonymous_4)
FNDA:3,(anonymous_5)
FNDA:2,(anonymous_6)
DA:2,2
DA:5,2
DA:10,9
DA:13,9
DA:14,2
DA:15,2
DA:16,2
DA:20,7
DA:21,2
DA:23,2
DA:24,1
DA:25,1
DA:26,1
DA:28,1
DA:29,1
DA:30,1
DA:31,1
DA:35,2
DA:37,2
DA:42,2
DA:43,2
DA:44,2
DA:45,2
DA:48,5
DA:49,5
DA:50,5
DA:51,5
DA:52,5
DA:53,5
DA:54,5
DA:56,0
DA:57,0
DA:66,2
DA:68,2
DA:69,1
DA:75,1
DA:77,1
DA:78,1
DA:79,1
DA:81,0
DA:90,2
DA:92,2
DA:93,1
DA:97,1
DA:99,1
DA:100,1
DA:101,1
DA:102,3
DA:103,2
DA:106,1
DA:108,0
DA:117,2
DA:119,2
DA:121,2
DA:123,2
DA:124,1
DA:129,1
DA:130,1
DA:131,1
DA:133,1
DA:134,1
DA:135,1
DA:136,1
DA:138,0
LF:64
LH:59
BRDA:13,0,0,2
BRDA:13,0,1,7
BRDA:20,1,0,2
BRDA:20,1,1,5
BRDA:24,2,0,1
BRDA:24,2,1,0
BRDA:24,3,0,1
BRDA:24,3,1,1
BRDA:24,3,2,1
BRDA:28,4,0,1
BRDA:28,4,1,0
BRDA:51,5,0,2
BRDA:51,5,1,3
BRDA:68,6,0,1
BRDA:68,6,1,1
BRDA:92,7,0,1
BRDA:92,7,1,1
BRDA:102,8,0,2
BRDA:102,8,1,1
BRDA:123,9,0,1
BRDA:123,9,1,1
BRF:21
BRH:19
end_of_record
TN:
SF:utils\bounds.ts
FN:8,(anonymous_0)
FN:24,(anonymous_1)
FN:32,(anonymous_2)
FNF:3
FNH:2
FNDA:18,(anonymous_0)
FNDA:16,(anonymous_1)
FNDA:0,(anonymous_2)
DA:4,2
DA:9,18
DA:11,18
DA:25,16
DA:33,0
DA:35,0
DA:36,0
DA:37,0
DA:38,0
DA:40,0
LF:10
LH:4
BRDA:25,0,0,16
BRDA:25,0,1,13
BRDA:25,0,2,11
BRDA:25,0,3,10
BRDA:40,1,0,0
BRDA:40,1,1,0
BRDA:40,1,2,0
BRDA:40,1,3,0
BRF:8
BRH:4
end_of_record
TN:
SF:utils\coordinates.ts
FN:8,(anonymous_0)
FN:26,(anonymous_1)
FNF:2
FNH:2
FNDA:5,(anonymous_0)
FNDA:1,(anonymous_1)
DA:4,1
DA:10,5
DA:11,5
DA:14,5
DA:17,5
DA:18,5
DA:20,5
DA:27,1
DA:28,1
DA:29,1
DA:31,1
LF:11
LH:11
BRDA:10,0,0,5
BRDA:10,0,1,0
BRDA:11,1,0,5
BRDA:11,1,1,0
BRDA:27,2,0,1
BRDA:27,2,1,0
BRDA:28,3,0,1
BRDA:28,3,1,0
BRF:8
BRH:4
end_of_record
TN:
SF:utils\debug.ts
FN:10,(anonymous_0)
FN:18,(anonymous_1)
FN:27,(anonymous_2)
FN:54,(anonymous_3)
FNF:4
FNH:3
FNDA:3,(anonymous_0)
FNDA:96,(anonymous_1)
FNDA:3,(anonymous_2)
FNDA:0,(anonymous_3)
DA:4,6
DA:11,3
DA:12,3
DA:19,96
DA:20,47
DA:29,3
DA:30,3
DA:31,1
DA:34,3
DA:35,3
DA:36,3
DA:46,3
DA:48,3
DA:55,0
DA:56,0
DA:57,0
LF:16
LH:13
BRDA:18,0,0,50
BRDA:19,1,0,47
BRDA:19,1,1,49
BRDA:19,2,0,96
BRDA:19,2,1,95
BRDA:30,3,0,1
BRDA:30,3,1,2
BRDA:30,4,0,3
BRDA:30,4,1,1
BRDA:56,5,0,0
BRDA:56,5,1,0
BRF:11
BRH:9
end_of_record
